<?xml version="1.0" encoding="utf-8"?><testsuites name="pytest tests"><testsuite name="pytest" errors="0" failures="0" skipped="0" tests="22" time="7.208" timestamp="2026-07-24T17:20:54.895073+00:00" hostname="agent-env-1c608046-d8a5-45c1-9397-4bd4426d5f82"><testcase classname="tests.backend_test.TestAuth" name="test_login_therapist" time="0.809" /><testcase classname="tests.backend_test.TestTherapist" name="test_dashboard" time="0.760" /><testcase classname="tests.backend_test.TestAuth" name="test_login_client" time="0.532" /><testcase classname="tests.backend_test.TestTherapist" name="test_create_appointment_and_visible_in_dashboard" time="0.796" /><testcase classname="tests.backend_test.TestAuth" name="test_me_without_cookie" time="0.161" /><testcase classname="tests.backend_test.TestAuth" name="test_login_wrong_password" time="0.342" /><testcase classname="tests.backend_test.TestAuth" name="test_bruteforce_lockout" time="0.502" /><testcase classname="tests.backend_test.TestTherapist" name="test_session_note_and_homework" time="0.783" /><testcase classname="tests.backend_test.TestAuth" name="test_logout" time="0.597" /><testcase classname="tests.backend_test.TestTherapist" name="test_requests_patch" time="1.108" /><testcase classname="tests.backend_test.TestAuth" name="test_register_and_duplicate" time="0.451" /><testcase classname="tests.backend_test.TestAuth" name="test_consultation_request_public_then_visible_to_therapist" time="0.605" /><testcase classname="tests.backend_test.TestClient" name="test_dashboard" time="0.550" /><testcase classname="tests.backend_test.TestAuth" name="test_forgot_password_no_leak" time="0.335" /><testcase classname="tests.backend_test.TestClient" name="test_request_appointment" time="0.391" /><testcase classname="tests.backend_test.TestPublic" name="test_root" time="0.106" /><testcase classname="tests.backend_test.TestPublic" name="test_therapist_profile" time="0.277" /><testcase classname="tests.backend_test.TestPublic" name="test_resources_public" time="0.191" /><testcase classname="tests.backend_test.TestClient" name="test_create_reflection" time="0.435" /><testcase classname="tests.backend_test.TestClient" name="test_toggle_homework" time="0.521" /><testcase classname="tests.backend_test.TestRoleGuards" name="test_client_cannot_access_therapist" time="0.914" /><testcase classname="tests.backend_test.TestRoleGuards" name="test_therapist_cannot_access_client" time="0.596" /></testsuite></testsuites>