<?xml version="1.0" encoding="utf-8"?><testsuites name="pytest tests"><testsuite name="pytest" errors="0" failures="1" skipped="0" tests="21" time="6.601" timestamp="2026-07-24T08:19:24.534686+00:00" hostname="agent-env-1c608046-d8a5-45c1-9397-4bd4426d5f82"><testcase classname="tests.backend_test.TestAuth" name="test_login_therapist" time="0.597" /><testcase classname="tests.backend_test.TestTherapist" name="test_dashboard" time="0.643" /><testcase classname="tests.backend_test.TestAuth" name="test_login_client" time="0.327" /><testcase classname="tests.backend_test.TestAuth" name="test_me_without_cookie" time="0.254" /><testcase classname="tests.backend_test.TestTherapist" name="test_create_appointment_and_visible_in_dashboard" time="0.925" /><testcase classname="tests.backend_test.TestAuth" name="test_login_wrong_password" time="0.347" /><testcase classname="tests.backend_test.TestAuth" name="test_bruteforce_lockout" time="0.622"><failure message="AssertionError: Expected 429 lockout in [401, 401, 401, 401, 401, 401]&#10;assert 429 in [401, 401, 401, 401, 401, 401]">backend/tests/backend_test.py:124: in test_bruteforce_lockout
    assert 429 in codes, f"Expected 429 lockout in {codes}"
E   AssertionError: Expected 429 lockout in [401, 401, 401, 401, 401, 401]
E   assert 429 in [401, 401, 401, 401, 401, 401]</failure></testcase><testcase classname="tests.backend_test.TestTherapist" name="test_session_note_and_homework" time="0.522" /><testcase classname="tests.backend_test.TestAuth" name="test_logout" time="0.557" /><testcase classname="tests.backend_test.TestTherapist" name="test_requests_patch" time="0.639" /><testcase classname="tests.backend_test.TestAuth" name="test_register_and_duplicate" time="0.568" /><testcase classname="tests.backend_test.TestClient" name="test_dashboard" time="0.608" /><testcase classname="tests.backend_test.TestAuth" name="test_forgot_password_no_leak" time="0.362" /><testcase classname="tests.backend_test.TestPublic" name="test_root" time="0.089" /><testcase classname="tests.backend_test.TestClient" name="test_request_appointment" time="0.380" /><testcase classname="tests.backend_test.TestPublic" name="test_therapist_profile" time="0.297" /><testcase classname="tests.backend_test.TestClient" name="test_create_reflection" time="0.417" /><testcase classname="tests.backend_test.TestPublic" name="test_resources_public" time="0.217" /><testcase classname="tests.backend_test.TestClient" name="test_toggle_homework" time="0.496" /><testcase classname="tests.backend_test.TestRoleGuards" name="test_client_cannot_access_therapist" time="0.756" /><testcase classname="tests.backend_test.TestRoleGuards" name="test_therapist_cannot_access_client" time="0.695" /></testsuite></testsuites>